{"F:\\webroot\\vue-pages\\src\\App.vue": {"path":"F:\\webroot\\vue-pages\\src\\App.vue","statementMap":{"0":{"start":{"line":8,"column":0},"end":{"line":null,"column":-1}}},"fnMap":{"0":{"name":"created","decl":{"start":{"line":7,"column":0},"end":{"line":null,"column":-1}},"loc":{"start":{"line":7,"column":0},"end":{"line":9,"column":0}}}},"branchMap":{},"s":{"0":0},"f":{"0":0},"b":{}}
,"F:\\webroot\\vue-pages\\src\\components\\MyBreadCrumb.vue": {"path":"F:\\webroot\\vue-pages\\src\\components\\MyBreadCrumb.vue","statementMap":{"0":{"start":{"line":9,"column":0},"end":{"line":null,"column":-1}}},"fnMap":{"0":{"name":"data","decl":{"start":{"line":8,"column":0},"end":{"line":null,"column":-1}},"loc":{"start":{"line":8,"column":0},"end":{"line":11,"column":0}}}},"branchMap":{},"s":{"0":1},"f":{"0":1},"b":{}}
,"F:\\webroot\\vue-pages\\src\\components\\MyDataTable.vue": {"path":"F:\\webroot\\vue-pages\\src\\components\\MyDataTable.vue","statementMap":{"0":{"start":{"line":26,"column":0},"end":{"line":null,"column":-1}},"1":{"start":{"line":33,"column":0},"end":{"line":null,"column":-1}},"2":{"start":{"line":36,"column":0},"end":{"line":null,"column":-1}},"3":{"start":{"line":39,"column":0},"end":{"line":null,"column":-1}}},"fnMap":{"0":{"name":"data","decl":{"start":{"line":25,"column":0},"end":{"line":null,"column":-1}},"loc":{"start":{"line":25,"column":0},"end":{"line":29,"column":0}}},"1":{"name":"handleSizeChange","decl":{"start":{"line":32,"column":0},"end":{"line":null,"column":-1}},"loc":{"start":{"line":32,"column":0},"end":{"line":34,"column":0}}},"2":{"name":"handleCurrentChange","decl":{"start":{"line":35,"column":0},"end":{"line":null,"column":-1}},"loc":{"start":{"line":35,"column":0},"end":{"line":37,"column":0}}},"3":{"name":"handleClick","decl":{"start":{"line":38,"column":0},"end":{"line":null,"column":-1}},"loc":{"start":{"line":38,"column":0},"end":{"line":40,"column":0}}}},"branchMap":{},"s":{"0":0,"1":0,"2":0,"3":0},"f":{"0":0,"1":0,"2":0,"3":0},"b":{}}
,"F:\\webroot\\vue-pages\\src\\components\\MyFilterForm.vue": {"path":"F:\\webroot\\vue-pages\\src\\components\\MyFilterForm.vue","statementMap":{"0":{"start":{"line":36,"column":0},"end":{"line":null,"column":-1}},"1":{"start":{"line":41,"column":0},"end":{"line":null,"column":-1}},"2":{"start":{"line":42,"column":0},"end":{"line":null,"column":-1}},"3":{"start":{"line":43,"column":0},"end":{"line":null,"column":-1}},"4":{"start":{"line":44,"column":0},"end":{"line":null,"column":-1}},"5":{"start":{"line":49,"column":0},"end":{"line":null,"column":-1}},"6":{"start":{"line":50,"column":0},"end":{"line":null,"column":-1}},"7":{"start":{"line":51,"column":0},"end":{"line":null,"column":-1}},"8":{"start":{"line":52,"column":0},"end":{"line":null,"column":-1}},"9":{"start":{"line":57,"column":0},"end":{"line":null,"column":-1}},"10":{"start":{"line":58,"column":0},"end":{"line":null,"column":-1}},"11":{"start":{"line":59,"column":0},"end":{"line":null,"column":-1}},"12":{"start":{"line":60,"column":0},"end":{"line":null,"column":-1}},"13":{"start":{"line":70,"column":0},"end":{"line":null,"column":-1}}},"fnMap":{"0":{"name":"data","decl":{"start":{"line":35,"column":0},"end":{"line":null,"column":-1}},"loc":{"start":{"line":35,"column":0},"end":{"line":65,"column":0}}},"1":{"name":"onClick","decl":{"start":{"line":40,"column":0},"end":{"line":null,"column":-1}},"loc":{"start":{"line":40,"column":0},"end":{"line":45,"column":0}}},"2":{"name":"onClick","decl":{"start":{"line":48,"column":0},"end":{"line":null,"column":-1}},"loc":{"start":{"line":48,"column":0},"end":{"line":53,"column":0}}},"3":{"name":"onClick","decl":{"start":{"line":56,"column":0},"end":{"line":null,"column":-1}},"loc":{"start":{"line":56,"column":0},"end":{"line":61,"column":0}}},"4":{"name":"created","decl":{"start":{"line":67,"column":0},"end":{"line":null,"column":-1}},"loc":{"start":{"line":67,"column":0},"end":{"line":null,"column":-1}}},"5":{"name":"getData","decl":{"start":{"line":69,"column":0},"end":{"line":null,"column":-1}},"loc":{"start":{"line":69,"column":0},"end":{"line":71,"column":0}}}},"branchMap":{},"s":{"0":0,"1":0,"2":0,"3":0,"4":0,"5":0,"6":0,"7":0,"8":0,"9":0,"10":0,"11":0,"12":0,"13":0},"f":{"0":0,"1":0,"2":0,"3":0,"4":0,"5":0},"b":{}}
,"F:\\webroot\\vue-pages\\src\\components\\MyHeader.vue": {"path":"F:\\webroot\\vue-pages\\src\\components\\MyHeader.vue","statementMap":{"0":{"start":{"line":12,"column":0},"end":{"line":null,"column":-1}},"1":{"start":{"line":15,"column":0},"end":{"line":null,"column":-1}},"2":{"start":{"line":20,"column":0},"end":{"line":null,"column":-1}}},"fnMap":{"0":{"name":"data","decl":{"start":{"line":14,"column":0},"end":{"line":null,"column":-1}},"loc":{"start":{"line":14,"column":0},"end":{"line":17,"column":0}}},"1":{"name":"abc","decl":{"start":{"line":19,"column":0},"end":{"line":null,"column":-1}},"loc":{"start":{"line":19,"column":0},"end":{"line":21,"column":0}}},"2":{"name":"created","decl":{"start":{"line":23,"column":0},"end":{"line":null,"column":-1}},"loc":{"start":{"line":23,"column":0},"end":{"line":null,"column":-1}}}},"branchMap":{},"s":{"0":0,"1":0,"2":0},"f":{"0":0,"1":0,"2":0},"b":{}}
,"F:\\webroot\\vue-pages\\src\\components\\MyMenu.vue": {"path":"F:\\webroot\\vue-pages\\src\\components\\MyMenu.vue","statementMap":{"0":{"start":{"line":13,"column":0},"end":{"line":null,"column":-1}},"1":{"start":{"line":16,"column":0},"end":{"line":null,"column":-1}}},"fnMap":{"0":{"name":"data","decl":{"start":{"line":15,"column":0},"end":{"line":null,"column":-1}},"loc":{"start":{"line":15,"column":0},"end":{"line":17,"column":0}}}},"branchMap":{},"s":{"0":0,"1":0},"f":{"0":0},"b":{}}
,"F:\\webroot\\vue-pages\\src\\components\\MySideMenu.vue": {"path":"F:\\webroot\\vue-pages\\src\\components\\MySideMenu.vue","statementMap":{"0":{"start":{"line":12,"column":0},"end":{"line":null,"column":-1}},"1":{"start":{"line":23,"column":0},"end":{"line":null,"column":-1}},"2":{"start":{"line":27,"column":0},"end":{"line":null,"column":-1}},"3":{"start":{"line":31,"column":0},"end":{"line":null,"column":-1}},"4":{"start":{"line":35,"column":0},"end":{"line":null,"column":-1}}},"fnMap":{"0":{"name":"data","decl":{"start":{"line":11,"column":0},"end":{"line":null,"column":-1}},"loc":{"start":{"line":11,"column":0},"end":{"line":19,"column":0}}},"1":{"name":"data","decl":{"start":{"line":22,"column":0},"end":{"line":null,"column":-1}},"loc":{"start":{"line":22,"column":0},"end":{"line":24,"column":0}}},"2":{"name":"updated","decl":{"start":{"line":26,"column":0},"end":{"line":null,"column":-1}},"loc":{"start":{"line":26,"column":0},"end":{"line":28,"column":0}}},"3":{"name":"currentChange","decl":{"start":{"line":30,"column":0},"end":{"line":null,"column":-1}},"loc":{"start":{"line":30,"column":0},"end":{"line":32,"column":0}}},"4":{"name":"mounted","decl":{"start":{"line":34,"column":0},"end":{"line":null,"column":-1}},"loc":{"start":{"line":34,"column":0},"end":{"line":36,"column":0}}}},"branchMap":{},"s":{"0":0,"1":0,"2":0,"3":0,"4":0},"f":{"0":0,"1":0,"2":0,"3":0,"4":0},"b":{}}
,"F:\\webroot\\vue-pages\\src\\components\\Test.vue": {"path":"F:\\webroot\\vue-pages\\src\\components\\Test.vue","statementMap":{"0":{"start":{"line":10,"column":0},"end":{"line":null,"column":-1}}},"fnMap":{"0":{"name":"data","decl":{"start":{"line":9,"column":0},"end":{"line":null,"column":-1}},"loc":{"start":{"line":9,"column":0},"end":{"line":11,"column":0}}}},"branchMap":{},"s":{"0":1},"f":{"0":1},"b":{}}
,"F:\\webroot\\vue-pages\\src\\pages\\404\\index.vue": {"path":"F:\\webroot\\vue-pages\\src\\pages\\404\\index.vue","statementMap":{"0":{"start":{"line":14,"column":0},"end":{"line":null,"column":-1}},"1":{"start":{"line":15,"column":0},"end":{"line":null,"column":-1}},"2":{"start":{"line":22,"column":0},"end":{"line":null,"column":-1}},"3":{"start":{"line":27,"column":0},"end":{"line":null,"column":-1}}},"fnMap":{"0":{"name":"data","decl":{"start":{"line":21,"column":0},"end":{"line":null,"column":-1}},"loc":{"start":{"line":21,"column":0},"end":{"line":25,"column":0}}},"1":{"name":"created","decl":{"start":{"line":26,"column":0},"end":{"line":null,"column":-1}},"loc":{"start":{"line":26,"column":0},"end":{"line":28,"column":0}}}},"branchMap":{},"s":{"0":0,"1":0,"2":0,"3":0},"f":{"0":0,"1":0},"b":{}}
,"F:\\webroot\\vue-pages\\src\\pages\\bookingfiles\\index.vue": {"path":"F:\\webroot\\vue-pages\\src\\pages\\bookingfiles\\index.vue","statementMap":{"0":{"start":{"line":40,"column":0},"end":{"line":null,"column":-1}},"1":{"start":{"line":41,"column":0},"end":{"line":null,"column":-1}},"2":{"start":{"line":42,"column":0},"end":{"line":null,"column":-1}},"3":{"start":{"line":43,"column":0},"end":{"line":null,"column":-1}},"4":{"start":{"line":44,"column":0},"end":{"line":null,"column":-1}},"5":{"start":{"line":45,"column":0},"end":{"line":null,"column":-1}},"6":{"start":{"line":57,"column":0},"end":{"line":null,"column":-1}},"7":{"start":{"line":66,"column":0},"end":{"line":null,"column":-1}},"8":{"start":{"line":71,"column":0},"end":{"line":null,"column":-1}},"9":{"start":{"line":75,"column":0},"end":{"line":null,"column":-1}},"10":{"start":{"line":76,"column":0},"end":{"line":null,"column":-1}},"11":{"start":{"line":77,"column":0},"end":{"line":null,"column":-1}},"12":{"start":{"line":78,"column":0},"end":{"line":null,"column":-1}},"13":{"start":{"line":79,"column":0},"end":{"line":null,"column":-1}},"14":{"start":{"line":80,"column":0},"end":{"line":null,"column":-1}},"15":{"start":{"line":84,"column":0},"end":{"line":null,"column":-1}},"16":{"start":{"line":85,"column":0},"end":{"line":null,"column":-1}},"17":{"start":{"line":86,"column":0},"end":{"line":97,"column":0}},"18":{"start":{"line":87,"column":0},"end":{"line":null,"column":-1}},"19":{"start":{"line":88,"column":0},"end":{"line":null,"column":-1}},"20":{"start":{"line":89,"column":0},"end":{"line":91,"column":0}},"21":{"start":{"line":90,"column":0},"end":{"line":null,"column":-1}},"22":{"start":{"line":93,"column":0},"end":{"line":null,"column":-1}},"23":{"start":{"line":95,"column":0},"end":{"line":null,"column":-1}},"24":{"start":{"line":96,"column":0},"end":{"line":null,"column":-1}},"25":{"start":{"line":100,"column":0},"end":{"line":null,"column":-1}},"26":{"start":{"line":103,"column":0},"end":{"line":105,"column":0}},"27":{"start":{"line":104,"column":0},"end":{"line":null,"column":-1}},"28":{"start":{"line":108,"column":0},"end":{"line":null,"column":-1}},"29":{"start":{"line":111,"column":0},"end":{"line":null,"column":-1}},"30":{"start":{"line":114,"column":0},"end":{"line":null,"column":-1}},"31":{"start":{"line":115,"column":0},"end":{"line":null,"column":-1}},"32":{"start":{"line":118,"column":0},"end":{"line":null,"column":-1}},"33":{"start":{"line":122,"column":0},"end":{"line":null,"column":-1}}},"fnMap":{"0":{"name":"data","decl":{"start":{"line":56,"column":0},"end":{"line":null,"column":-1}},"loc":{"start":{"line":56,"column":0},"end":{"line":64,"column":0}}},"1":{"name":"created","decl":{"start":{"line":65,"column":0},"end":{"line":null,"column":-1}},"loc":{"start":{"line":65,"column":0},"end":{"line":67,"column":0}}},"2":{"name":"mounted","decl":{"start":{"line":68,"column":0},"end":{"line":null,"column":-1}},"loc":{"start":{"line":68,"column":0},"end":{"line":null,"column":-1}}},"3":{"name":"updated","decl":{"start":{"line":70,"column":0},"end":{"line":null,"column":-1}},"loc":{"start":{"line":70,"column":0},"end":{"line":72,"column":0}}},"4":{"name":"syncHeight","decl":{"start":{"line":74,"column":0},"end":{"line":null,"column":-1}},"loc":{"start":{"line":74,"column":0},"end":{"line":82,"column":0}}},"5":{"name":"getData","decl":{"start":{"line":83,"column":0},"end":{"line":null,"column":-1}},"loc":{"start":{"line":83,"column":0},"end":{"line":98,"column":0}}},"6":{"name":"(anonymous_8)","decl":{"start":{"line":86,"column":0},"end":{"line":null,"column":-1}},"loc":{"start":{"line":86,"column":0},"end":{"line":94,"column":0}}},"7":{"name":"(anonymous_9)","decl":{"start":{"line":94,"column":0},"end":{"line":null,"column":-1}},"loc":{"start":{"line":94,"column":0},"end":{"line":97,"column":0}}},"8":{"name":"messageClose","decl":{"start":{"line":99,"column":0},"end":{"line":null,"column":-1}},"loc":{"start":{"line":99,"column":0},"end":{"line":101,"column":0}}},"9":{"name":"currentChange","decl":{"start":{"line":102,"column":0},"end":{"line":null,"column":-1}},"loc":{"start":{"line":102,"column":0},"end":{"line":106,"column":0}}},"10":{"name":"currentPageChange","decl":{"start":{"line":107,"column":0},"end":{"line":null,"column":-1}},"loc":{"start":{"line":107,"column":0},"end":{"line":109,"column":0}}},"11":{"name":"sizeChange","decl":{"start":{"line":110,"column":0},"end":{"line":null,"column":-1}},"loc":{"start":{"line":110,"column":0},"end":{"line":112,"column":0}}},"12":{"name":"onSubmit","decl":{"start":{"line":113,"column":0},"end":{"line":null,"column":-1}},"loc":{"start":{"line":113,"column":0},"end":{"line":116,"column":0}}},"13":{"name":"print","decl":{"start":{"line":117,"column":0},"end":{"line":null,"column":-1}},"loc":{"start":{"line":117,"column":0},"end":{"line":119,"column":0}}},"14":{"name":"mexport","decl":{"start":{"line":120,"column":0},"end":{"line":null,"column":-1}},"loc":{"start":{"line":120,"column":0},"end":{"line":123,"column":0}}}},"branchMap":{"0":{"loc":{"start":{"line":76,"column":0},"end":{"line":null,"column":-1}},"type":"cond-expr","locations":[{"start":{"line":76,"column":0},"end":{"line":null,"column":-1}},{"start":{"line":76,"column":0},"end":{"line":null,"column":-1}}]},"1":{"loc":{"start":{"line":89,"column":0},"end":{"line":91,"column":0}},"type":"if","locations":[{"start":{"line":89,"column":0},"end":{"line":91,"column":0}},{"start":{"line":89,"column":0},"end":{"line":91,"column":0}}]},"2":{"loc":{"start":{"line":89,"column":0},"end":{"line":null,"column":-1}},"type":"binary-expr","locations":[{"start":{"line":89,"column":0},"end":{"line":null,"column":-1}},{"start":{"line":89,"column":0},"end":{"line":null,"column":-1}}]},"3":{"loc":{"start":{"line":103,"column":0},"end":{"line":105,"column":0}},"type":"if","locations":[{"start":{"line":103,"column":0},"end":{"line":105,"column":0}},{"start":{"line":103,"column":0},"end":{"line":105,"column":0}}]}},"s":{"0":0,"1":0,"2":0,"3":0,"4":0,"5":0,"6":0,"7":0,"8":0,"9":0,"10":0,"11":0,"12":0,"13":0,"14":0,"15":0,"16":0,"17":0,"18":0,"19":0,"20":0,"21":0,"22":0,"23":0,"24":0,"25":0,"26":0,"27":0,"28":0,"29":0,"30":0,"31":0,"32":0,"33":0},"f":{"0":0,"1":0,"2":0,"3":0,"4":0,"5":0,"6":0,"7":0,"8":0,"9":0,"10":0,"11":0,"12":0,"13":0,"14":0},"b":{"0":[0,0],"1":[0,0],"2":[0,0],"3":[0,0]}}
,"F:\\webroot\\vue-pages\\src\\pages\\detail\\index.vue": {"path":"F:\\webroot\\vue-pages\\src\\pages\\detail\\index.vue","statementMap":{"0":{"start":{"line":7,"column":0},"end":{"line":null,"column":-1}}},"fnMap":{"0":{"name":"created","decl":{"start":{"line":13,"column":0},"end":{"line":null,"column":-1}},"loc":{"start":{"line":13,"column":0},"end":{"line":null,"column":-1}}}},"branchMap":{},"s":{"0":0},"f":{"0":0},"b":{}}
,"F:\\webroot\\vue-pages\\src\\pages\\home\\index.vue": {"path":"F:\\webroot\\vue-pages\\src\\pages\\home\\index.vue","statementMap":{"0":{"start":{"line":52,"column":0},"end":{"line":null,"column":-1}},"1":{"start":{"line":53,"column":0},"end":{"line":null,"column":-1}}},"fnMap":{"0":{"name":"created","decl":{"start":{"line":60,"column":0},"end":{"line":null,"column":-1}},"loc":{"start":{"line":60,"column":0},"end":{"line":null,"column":-1}}}},"branchMap":{},"s":{"0":0,"1":0},"f":{"0":0},"b":{}}
,"F:\\webroot\\vue-pages\\src\\pages\\jump\\index.vue": {"path":"F:\\webroot\\vue-pages\\src\\pages\\jump\\index.vue","statementMap":{"0":{"start":{"line":9,"column":0},"end":{"line":null,"column":-1}}},"fnMap":{"0":{"name":"created","decl":{"start":{"line":8,"column":0},"end":{"line":null,"column":-1}},"loc":{"start":{"line":8,"column":0},"end":{"line":10,"column":0}}}},"branchMap":{},"s":{"0":0},"f":{"0":0},"b":{}}
,"F:\\webroot\\vue-pages\\src\\pages\\list\\index.vue": {"path":"F:\\webroot\\vue-pages\\src\\pages\\list\\index.vue","statementMap":{"0":{"start":{"line":11,"column":0},"end":{"line":null,"column":-1}},"1":{"start":{"line":15,"column":0},"end":{"line":null,"column":-1}},"2":{"start":{"line":22,"column":0},"end":{"line":null,"column":-1}},"3":{"start":{"line":23,"column":0},"end":{"line":25,"column":0}},"4":{"start":{"line":24,"column":0},"end":{"line":null,"column":-1}},"5":{"start":{"line":29,"column":0},"end":{"line":null,"column":-1}}},"fnMap":{"0":{"name":"data","decl":{"start":{"line":14,"column":0},"end":{"line":null,"column":-1}},"loc":{"start":{"line":14,"column":0},"end":{"line":16,"column":0}}},"1":{"name":"addNum","decl":{"start":{"line":21,"column":0},"end":{"line":null,"column":-1}},"loc":{"start":{"line":21,"column":0},"end":{"line":26,"column":0}}},"2":{"name":"created","decl":{"start":{"line":28,"column":0},"end":{"line":null,"column":-1}},"loc":{"start":{"line":28,"column":0},"end":{"line":30,"column":0}}}},"branchMap":{"0":{"loc":{"start":{"line":23,"column":0},"end":{"line":25,"column":0}},"type":"if","locations":[{"start":{"line":23,"column":0},"end":{"line":25,"column":0}},{"start":{"line":23,"column":0},"end":{"line":25,"column":0}}]}},"s":{"0":0,"1":0,"2":0,"3":0,"4":0,"5":0},"f":{"0":0,"1":0,"2":0},"b":{"0":[0,0]}}
,"F:\\webroot\\vue-pages\\src\\store\\actions.js": {"path":"F:\\webroot\\vue-pages\\src\\store\\actions.js","statementMap":{"0":{"start":{"line":4,"column":0},"end":{"line":null,"column":-1}},"1":{"start":{"line":7,"column":34},"end":{"line":7,"column":33}},"2":{"start":{"line":8,"column":4},"end":{"line":null,"column":-1}},"3":{"start":{"line":10,"column":38},"end":{"line":10,"column":37}},"4":{"start":{"line":11,"column":4},"end":{"line":null,"column":-1}},"5":{"start":{"line":13,"column":41},"end":{"line":13,"column":40}},"6":{"start":{"line":15,"column":4},"end":{"line":24,"column":5}},"7":{"start":{"line":18,"column":6},"end":{"line":null,"column":-1}},"8":{"start":{"line":19,"column":21},"end":{"line":19,"column":8}},"9":{"start":{"line":20,"column":8},"end":{"line":22,"column":9}},"10":{"start":{"line":21,"column":10},"end":{"line":null,"column":-1}}},"fnMap":{"0":{"name":"addNum","decl":{"start":{"line":7,"column":9},"end":{"line":7,"column":33}},"loc":{"start":{"line":7,"column":34},"end":{"line":5,"column":15}}},"1":{"name":"initializeData","decl":{"start":{"line":10,"column":17},"end":{"line":10,"column":37}},"loc":{"start":{"line":10,"column":38},"end":{"line":5,"column":15}}},"2":{"name":"getGlobalData","decl":{"start":{"line":13,"column":16},"end":{"line":13,"column":40}},"loc":{"start":{"line":13,"column":41},"end":{"line":5,"column":15}}},"3":{"name":"(anonymous_4)","decl":{"start":{"line":18,"column":40},"end":{"line":18,"column":48}},"loc":{"start":{"line":18,"column":54},"end":{"line":18,"column":6}}},"4":{"name":"(anonymous_5)","decl":{"start":{"line":23,"column":8},"end":{"line":23,"column":16}},"loc":{"start":{"line":23,"column":22},"end":{"line":18,"column":6}}}},"branchMap":{"0":{"loc":{"start":{"line":15,"column":4},"end":{"line":24,"column":5}},"type":"if","locations":[{"start":{"line":15,"column":4},"end":{"line":24,"column":5}},{"start":{"line":15,"column":4},"end":{"line":24,"column":5}}]},"1":{"loc":{"start":{"line":15,"column":8},"end":{"line":15,"column":7}},"type":"binary-expr","locations":[{"start":{"line":15,"column":8},"end":{"line":15,"column":7}},{"start":{"line":15,"column":28},"end":{"line":15,"column":4}}]},"2":{"loc":{"start":{"line":19,"column":21},"end":{"line":19,"column":20}},"type":"binary-expr","locations":[{"start":{"line":19,"column":21},"end":{"line":19,"column":20}},{"start":{"line":19,"column":33},"end":{"line":19,"column":8}}]},"3":{"loc":{"start":{"line":20,"column":8},"end":{"line":22,"column":9}},"type":"if","locations":[{"start":{"line":20,"column":8},"end":{"line":22,"column":9}},{"start":{"line":20,"column":8},"end":{"line":22,"column":9}}]}},"s":{"0":0,"1":0,"2":0,"3":0,"4":0,"5":0,"6":0,"7":0,"8":0,"9":0,"10":0},"f":{"0":0,"1":0,"2":0,"3":0,"4":0},"b":{"0":[0,0],"1":[0,0],"2":[0,0],"3":[0,0]}}
,"F:\\webroot\\vue-pages\\src\\store\\index.js": {"path":"F:\\webroot\\vue-pages\\src\\store\\index.js","statementMap":{"0":{"start":{"line":4,"column":0},"end":{"line":null,"column":-1}},"1":{"start":{"line":5,"column":0},"end":{"line":null,"column":-1}},"2":{"start":{"line":6,"column":0},"end":{"line":null,"column":-1}},"3":{"start":{"line":7,"column":0},"end":{"line":null,"column":-1}},"4":{"start":{"line":8,"column":0},"end":{"line":9,"column":0}},"5":{"start":{"line":9,"column":14},"end":{"line":9,"column":0}}},"fnMap":{},"branchMap":{},"s":{"0":0,"1":0,"2":0,"3":0,"4":0,"5":0},"f":{},"b":{}}
,"F:\\webroot\\vue-pages\\src\\store\\mutations.js": {"path":"F:\\webroot\\vue-pages\\src\\store\\mutations.js","statementMap":{"0":{"start":{"line":4,"column":19},"end":{"line":4,"column":0}},"1":{"start":{"line":5,"column":24},"end":{"line":5,"column":0}},"2":{"start":{"line":6,"column":20},"end":{"line":6,"column":0}},"3":{"start":{"line":10,"column":4},"end":{"line":null,"column":-1}},"4":{"start":{"line":13,"column":4},"end":{"line":null,"column":-1}},"5":{"start":{"line":19,"column":4},"end":{"line":null,"column":-1}}},"fnMap":{},"branchMap":{},"s":{"0":0,"1":0,"2":0,"3":0,"4":0,"5":0},"f":{},"b":{}}
}
