TN:
SF:F:\webroot\vue-pages\src\App.vue
FN:7,created
FNF:1
FNH:0
FNDA:0,created
DA:8,0
LF:1
LH:0
BRF:0
BRH:0
end_of_record
TN:
SF:F:\webroot\vue-pages\src\components\MyBreadCrumb.vue
FN:8,data
FNF:1
FNH:1
FNDA:1,data
DA:9,1
LF:1
LH:1
BRF:0
BRH:0
end_of_record
TN:
SF:F:\webroot\vue-pages\src\components\MyDataTable.vue
FN:25,data
FN:32,handleSizeChange
FN:35,handleCurrentChange
FN:38,handleClick
FNF:4
FNH:0
FNDA:0,data
FNDA:0,handleSizeChange
FNDA:0,handleCurrentChange
FNDA:0,handleClick
DA:26,0
DA:33,0
DA:36,0
DA:39,0
LF:4
LH:0
BRF:0
BRH:0
end_of_record
TN:
SF:F:\webroot\vue-pages\src\components\MyFilterForm.vue
FN:35,data
FN:40,onClick
FN:48,onClick
FN:56,onClick
FN:67,created
FN:69,getData
FNF:6
FNH:0
FNDA:0,data
FNDA:0,onClick
FNDA:0,onClick
FNDA:0,onClick
FNDA:0,created
FNDA:0,getData
DA:36,0
DA:41,0
DA:42,0
DA:43,0
DA:44,0
DA:49,0
DA:50,0
DA:51,0
DA:52,0
DA:57,0
DA:58,0
DA:59,0
DA:60,0
DA:70,0
LF:14
LH:0
BRF:0
BRH:0
end_of_record
TN:
SF:F:\webroot\vue-pages\src\components\MyHeader.vue
FN:14,data
FN:19,abc
FN:23,created
FNF:3
FNH:0
FNDA:0,data
FNDA:0,abc
FNDA:0,created
DA:12,0
DA:15,0
DA:20,0
LF:3
LH:0
BRF:0
BRH:0
end_of_record
TN:
SF:F:\webroot\vue-pages\src\components\MyMenu.vue
FN:15,data
FNF:1
FNH:0
FNDA:0,data
DA:13,0
DA:16,0
LF:2
LH:0
BRF:0
BRH:0
end_of_record
TN:
SF:F:\webroot\vue-pages\src\components\MySideMenu.vue
FN:11,data
FN:22,data
FN:26,updated
FN:30,currentChange
FN:34,mounted
FNF:5
FNH:0
FNDA:0,data
FNDA:0,data
FNDA:0,updated
FNDA:0,currentChange
FNDA:0,mounted
DA:12,0
DA:23,0
DA:27,0
DA:31,0
DA:35,0
LF:5
LH:0
BRF:0
BRH:0
end_of_record
TN:
SF:F:\webroot\vue-pages\src\components\Test.vue
FN:9,data
FNF:1
FNH:1
FNDA:1,data
DA:10,1
LF:1
LH:1
BRF:0
BRH:0
end_of_record
TN:
SF:F:\webroot\vue-pages\src\pages\404\index.vue
FN:21,data
FN:26,created
FNF:2
FNH:0
FNDA:0,data
FNDA:0,created
DA:14,0
DA:15,0
DA:22,0
DA:27,0
LF:4
LH:0
BRF:0
BRH:0
end_of_record
TN:
SF:F:\webroot\vue-pages\src\pages\bookingfiles\index.vue
FN:56,data
FN:65,created
FN:68,mounted
FN:70,updated
FN:74,syncHeight
FN:83,getData
FN:86,(anonymous_8)
FN:94,(anonymous_9)
FN:99,messageClose
FN:102,currentChange
FN:107,currentPageChange
FN:110,sizeChange
FN:113,onSubmit
FN:117,print
FN:120,mexport
FNF:15
FNH:0
FNDA:0,data
FNDA:0,created
FNDA:0,mounted
FNDA:0,updated
FNDA:0,syncHeight
FNDA:0,getData
FNDA:0,(anonymous_8)
FNDA:0,(anonymous_9)
FNDA:0,messageClose
FNDA:0,currentChange
FNDA:0,currentPageChange
FNDA:0,sizeChange
FNDA:0,onSubmit
FNDA:0,print
FNDA:0,mexport
DA:40,0
DA:41,0
DA:42,0
DA:43,0
DA:44,0
DA:45,0
DA:57,0
DA:66,0
DA:71,0
DA:75,0
DA:76,0
DA:77,0
DA:78,0
DA:79,0
DA:80,0
DA:84,0
DA:85,0
DA:86,0
DA:87,0
DA:88,0
DA:89,0
DA:90,0
DA:93,0
DA:95,0
DA:96,0
DA:100,0
DA:103,0
DA:104,0
DA:108,0
DA:111,0
DA:114,0
DA:115,0
DA:118,0
DA:122,0
LF:34
LH:0
BRDA:76,0,0,0
BRDA:76,0,1,0
BRDA:89,1,0,0
BRDA:89,1,1,0
BRDA:89,2,0,0
BRDA:89,2,1,0
BRDA:103,3,0,0
BRDA:103,3,1,0
BRF:8
BRH:0
end_of_record
TN:
SF:F:\webroot\vue-pages\src\pages\detail\index.vue
FN:13,created
FNF:1
FNH:0
FNDA:0,created
DA:7,0
LF:1
LH:0
BRF:0
BRH:0
end_of_record
TN:
SF:F:\webroot\vue-pages\src\pages\home\index.vue
FN:60,created
FNF:1
FNH:0
FNDA:0,created
DA:52,0
DA:53,0
LF:2
LH:0
BRF:0
BRH:0
end_of_record
TN:
SF:F:\webroot\vue-pages\src\pages\jump\index.vue
FN:8,created
FNF:1
FNH:0
FNDA:0,created
DA:9,0
LF:1
LH:0
BRF:0
BRH:0
end_of_record
TN:
SF:F:\webroot\vue-pages\src\pages\list\index.vue
FN:14,data
FN:21,addNum
FN:28,created
FNF:3
FNH:0
FNDA:0,data
FNDA:0,addNum
FNDA:0,created
DA:11,0
DA:15,0
DA:22,0
DA:23,0
DA:24,0
DA:29,0
LF:6
LH:0
BRDA:23,0,0,0
BRDA:23,0,1,0
BRF:2
BRH:0
end_of_record
TN:
SF:F:\webroot\vue-pages\src\store\actions.js
FN:7,addNum
FN:10,initializeData
FN:13,getGlobalData
FN:18,(anonymous_4)
FN:23,(anonymous_5)
FNF:5
FNH:0
FNDA:0,addNum
FNDA:0,initializeData
FNDA:0,getGlobalData
FNDA:0,(anonymous_4)
FNDA:0,(anonymous_5)
DA:4,0
DA:7,0
DA:8,0
DA:10,0
DA:11,0
DA:13,0
DA:15,0
DA:18,0
DA:19,0
DA:20,0
DA:21,0
LF:11
LH:0
BRDA:15,0,0,0
BRDA:15,0,1,0
BRDA:15,1,0,0
BRDA:15,1,1,0
BRDA:19,2,0,0
BRDA:19,2,1,0
BRDA:20,3,0,0
BRDA:20,3,1,0
BRF:8
BRH:0
end_of_record
TN:
SF:F:\webroot\vue-pages\src\store\index.js
FNF:0
FNH:0
DA:4,0
DA:5,0
DA:6,0
DA:7,0
DA:8,0
DA:9,0
LF:6
LH:0
BRF:0
BRH:0
end_of_record
TN:
SF:F:\webroot\vue-pages\src\store\mutations.js
FNF:0
FNH:0
DA:4,0
DA:5,0
DA:6,0
DA:10,0
DA:13,0
DA:19,0
LF:6
LH:0
BRF:0
BRH:0
end_of_record
